<?xml version="1.0" encoding="UTF-8"?>
<testsuite name="com.apoorvbansalgloballogicnoida.protobufdemo3.SimpleMainTest" tests="1" skipped="0" failures="0" errors="0" timestamp="2021-06-03T17:38:16" hostname="del1-lhp-n72299" time="0.041">
  <properties/>
  <testcase name="serializeIntoFile_StoreNewMessage_ReturnSameMessage" classname="com.apoorvbansalgloballogicnoida.protobufdemo3.SimpleMainTest" time="0.041"/>
  <system-out><![CDATA[]]></system-out>
  <system-err><![CDATA[]]></system-err>
</testsuite>
